================================================================================
  500-YEAR DIVERGENCE v2: PAIRED-SEED + POP-NORMALIZED
  Protocol: Zenodo 19217024 | Critic fixes applied
  Seeds: 101-110 (10) | Years: 500
  Design: Paired (same seed, both scenarios)
  carrying_capacity: 800 (locked both scenarios)
================================================================================

--- Seed 101 (1/10) ---
  NO_INSTITUTIONS     : pop= 270, R_coop=+0.02088, R_agg=-0.00945
  STRONG_STATE        : pop= 874, R_coop=+0.04249, R_agg=-0.00032

--- Seed 102 (2/10) ---
  NO_INSTITUTIONS     : pop= 149, R_coop=+0.02229, R_agg=-0.06070
  STRONG_STATE        : pop= 662, R_coop=+0.00400, R_agg=-0.02775

--- Seed 103 (3/10) ---
  NO_INSTITUTIONS     : pop= 533, R_coop=-0.01474, R_agg=-0.03571
  STRONG_STATE        : pop= 922, R_coop=-0.05702, R_agg=-0.05177

--- Seed 104 (4/10) ---
  NO_INSTITUTIONS     : pop= 405, R_coop=+0.03460, R_agg=-0.06564
  STRONG_STATE        : pop= 904, R_coop=-0.00147, R_agg=-0.03219

--- Seed 105 (5/10) ---
  NO_INSTITUTIONS     : pop= 705, R_coop=+0.00595, R_agg=-0.04511
  STRONG_STATE        : pop= 686, R_coop=+0.00863, R_agg=-0.03673

--- Seed 106 (6/10) ---
  NO_INSTITUTIONS     : pop= 889, R_coop=+0.06087, R_agg=-0.02610
  STRONG_STATE        : pop= 662, R_coop=+0.03123, R_agg=-0.02731

--- Seed 107 (7/10) ---
  NO_INSTITUTIONS     : pop=  86, R_coop=+0.01407, R_agg=-0.08049
  STRONG_STATE        : pop= 542, R_coop=+0.05186, R_agg=-0.01577

--- Seed 108 (8/10) ---
  NO_INSTITUTIONS     : pop= 284, R_coop=+0.04704, R_agg=-0.03581
  STRONG_STATE        : pop= 949, R_coop=-0.00111, R_agg=-0.03307

--- Seed 109 (9/10) ---
  NO_INSTITUTIONS     : pop=1196, R_coop=+0.03695, R_agg=-0.06794
  STRONG_STATE        : pop=1033, R_coop=+0.02120, R_agg=-0.08506

--- Seed 110 (10/10) ---
  NO_INSTITUTIONS     : pop= 461, R_coop=+0.05732, R_agg=+0.00664
  STRONG_STATE        : pop= 471, R_coop=+0.01427, R_agg=-0.00209

================================================================================
  PAIRED ANALYSIS: Cumulative Trait Displacement (R_total)
================================================================================

  Trait                                    R(A)      R(B)    d(A-B)       t        p d_cohen   Sig
  ------------------------------------------------------------------------------------------
  intelligence_proxy                   +0.13285  +0.09857  +0.03429    2.74   0.0228   +0.87     *
  mental_illness_risk                  +0.00975  -0.00424  +0.01399    2.68   0.0252   +0.85     *
  impulse_control                      +0.13954  +0.11680  +0.02274    2.54   0.0315   +0.80     *
  pain_tolerance                       -0.00808  +0.01018  -0.01826   -2.39   0.0408   -0.75     *
  cooperation_propensity               +0.02852  +0.01141  +0.01711    1.85   0.0973   +0.59      
  novelty_seeking                      +0.04417  +0.02558  +0.01858    1.84   0.0985   +0.58      
  attractiveness_base                  +0.00233  -0.00758  +0.00991    1.76   0.1117   +0.56      
  future_orientation                   +0.02355  +0.01054  +0.01301    1.45   0.1802   +0.46      
  physical_strength                    +0.01037  -0.00076  +0.01113    1.40   0.1954   +0.44      
  dominance_drive                      +0.01695  +0.00350  +0.01345    1.37   0.2051   +0.43      
  aggression_propensity                -0.04203  -0.03121  -0.01083   -1.32   0.2179   -0.42      
  jealousy_sensitivity                 -0.00961  -0.00016  -0.00944   -1.17   0.2726   -0.37      
  degenerative_risk                    +0.00025  +0.00959  -0.00934   -1.14   0.2830   -0.36      
  paternal_investment_preference       +0.01097  +0.00067  +0.01030    1.02   0.3337   +0.32      
  sexual_maturation_rate               -0.00129  +0.00596  -0.00725   -0.90   0.3940   -0.28      
  conscientiousness                    +0.02811  +0.01682  +0.01130    0.77   0.4597   +0.24      
  cardiovascular_risk                  +0.01011  +0.00416  +0.00595    0.74   0.4806   +0.23      
  emotional_intelligence               -0.00082  -0.00801  +0.00719    0.67   0.5169   +0.21      
  mental_health_baseline               +0.04874  +0.04072  +0.00803    0.62   0.5481   +0.20      
  autoimmune_risk                      +0.00034  +0.00580  -0.00546   -0.48   0.6448   -0.15      
  status_drive                         -0.00288  +0.00145  -0.00433   -0.46   0.6567   -0.15      
  metabolic_risk                       +0.01604  +0.01119  +0.00485    0.41   0.6937   +0.13      
  psychopathy_tendency                 +0.00035  -0.00353  +0.00388    0.37   0.7231   +0.12      
  disease_resistance                   +0.02369  +0.02593  -0.00224   -0.29   0.7818   -0.09      
  conformity_bias                      +0.00579  +0.00352  +0.00227    0.24   0.8136   +0.08      
  physical_robustness                  -0.00052  +0.00242  -0.00293   -0.21   0.8352   -0.07      
  outgroup_tolerance                   -0.00274  -0.00399  +0.00125    0.15   0.8841   +0.05      
  anxiety_baseline                     +0.00746  +0.00581  +0.00166    0.14   0.8903   +0.04      
  endurance                            +0.01137  +0.01318  -0.00181   -0.13   0.8961   -0.04      
  group_loyalty                        +0.00061  +0.00205  -0.00144   -0.13   0.8977   -0.04      
  maternal_investment                  -0.01365  -0.01181  -0.00184   -0.13   0.8991   -0.04      
  longevity_genes                      -0.00147  -0.00042  -0.00105   -0.09   0.9286   -0.03      
  fertility_base                       +0.01811  +0.01867  -0.00056   -0.05   0.9591   -0.02      
  empathy_capacity                     +0.00242  +0.00193  +0.00049    0.04   0.9668   +0.01      
  risk_tolerance                       -0.03616  -0.03592  -0.00024   -0.02   0.9862   -0.01      

================================================================================
  Year 100 | Paired-Seed S_norm Comparison
================================================================================
  Trait                               Sn(A)      Sn(B)     d(A-B)   p_pair   Sig
  ---------------------------------------------------------------------------
  cooperation_propensity          -0.000308  +0.000014  -0.000322   0.3360      
  impulse_control                 -0.000346  -0.000087  -0.000259   0.5554      
  empathy_capacity                +0.000011  -0.000066  +0.000077   0.8361      
  aggression_propensity           +0.000099  -0.000340  +0.000439   0.0449     *
  conformity_bias                 +0.000107  -0.000137  +0.000245   0.6436      
  group_loyalty                   +0.000286  -0.000298  +0.000584   0.0669      
================================================================================


================================================================================
  Year 200 | Paired-Seed S_norm Comparison
================================================================================
  Trait                               Sn(A)      Sn(B)     d(A-B)   p_pair   Sig
  ---------------------------------------------------------------------------
  cooperation_propensity          +0.000107  +0.000074  +0.000033   0.7822      
  impulse_control                 -0.000152  -0.000091  -0.000061   0.8277      
  empathy_capacity                -0.000123  -0.000130  +0.000007   0.9790      
  aggression_propensity           -0.000459  -0.000175  -0.000284   0.2205      
  conformity_bias                 -0.000423  +0.000092  -0.000515   0.1349      
  group_loyalty                   -0.000170  +0.000003  -0.000174   0.5923      
================================================================================


================================================================================
  Year 300 | Paired-Seed S_norm Comparison
================================================================================
  Trait                               Sn(A)      Sn(B)     d(A-B)   p_pair   Sig
  ---------------------------------------------------------------------------
  cooperation_propensity          -0.000100  -0.000111  +0.000011   0.9410      
  impulse_control                 +0.000045  -0.000117  +0.000163   0.4927      
  empathy_capacity                +0.000067  +0.000132  -0.000065   0.6988      
  aggression_propensity           +0.000040  +0.000053  -0.000014   0.9549      
  conformity_bias                 -0.000388  +0.000094  -0.000482   0.0509      
  group_loyalty                   +0.000004  +0.000194  -0.000190   0.3987      
================================================================================


================================================================================
  Year 400 | Paired-Seed S_norm Comparison
================================================================================
  Trait                               Sn(A)      Sn(B)     d(A-B)   p_pair   Sig
  ---------------------------------------------------------------------------
  cooperation_propensity          -0.000361  -0.000094  -0.000267   0.3815      
  impulse_control                 +0.000060  +0.000125  -0.000065   0.8613      
  empathy_capacity                -0.000217  -0.000153  -0.000064   0.8367      
  aggression_propensity           +0.000184  +0.000124  +0.000060   0.8666      
  conformity_bias                 +0.000635  -0.000081  +0.000717   0.0578      
  group_loyalty                   +0.000149  -0.000113  +0.000262   0.2390      
================================================================================


================================================================================
  Year 500 | Paired-Seed S_norm Comparison
================================================================================
  Trait                               Sn(A)      Sn(B)     d(A-B)   p_pair   Sig
  ---------------------------------------------------------------------------
  cooperation_propensity          +0.000529  -0.000069  +0.000598   0.1296      
  impulse_control                 +0.000053  +0.000193  -0.000140   0.6647      
  empathy_capacity                +0.000404  -0.000111  +0.000515   0.1117      
  aggression_propensity           -0.000397  +0.000024  -0.000421   0.0228     *
  conformity_bias                 +0.000144  -0.000174  +0.000318   0.5975      
  group_loyalty                   -0.000183  -0.000321  +0.000138   0.6436      
================================================================================

  Population at year 500: A=498 vs B=770 (paired t=-2.57, p=0.0302)

Saving to outputs\experiments\v2_paired_divergence/ ...

Done in 3222s (53.7m)
  selection_matrix_full.csv      S + Sn for 35 traits (paired)
  metrics_full.csv               ~130 metrics per tick
  trait_displacement.csv          R_total per seed per scenario
  paired_analysis.json           Paired t-tests + effect sizes
  critic_validation_bundle.json  Checkpoint logs for Critic
